<?xml version="1.0" encoding="UTF-8"?>
<!-- Generated by org.testng.reporters.JUnitXMLReporter -->
<testsuite ignored="0" hostname="MK" failures="0" tests="4" name="Default test" time="136.035" errors="0" timestamp="2026-01-19T20:40:42 IST">
  <testcase classname="YouthTest.Youth" name="youthLandingPage" time="24.684"/>
  <testcase classname="YouthTest.Youth" name="youthEOTPV" time="35.407"/>
  <testcase classname="YouthTest.Youth" name="youthRegistrationFormFill" time="17.075"/>
  <testcase classname="YouthTest.Youth" name="mybharatProfile" time="13.759"/>
</testsuite> <!-- Default test -->
