<?xml version="1.0" encoding="UTF-8"?>
<testng-results ignored="0" total="1" passed="1" failed="0" skipped="0">
  <reporter-output>
  </reporter-output>
  <suite started-at="2026-01-30T13:21:49 IST" name="Default suite" finished-at="2026-01-30T13:22:28 IST" duration-ms="39240">
    <groups>
    </groups>
    <test started-at="2026-01-30T13:21:49 IST" name="Default test" finished-at="2026-01-30T13:22:28 IST" duration-ms="39240">
      <class name="VoFlowYouthSideTest.VoYouthSideTest">
        <test-method is-config="true" signature="SetupExtentReport()[pri:0, instance:VoFlowYouthSideTest.VoYouthSideTest@2bd08376]" started-at="2026-01-30T13:21:49 IST" name="SetupExtentReport" finished-at="2026-01-30T13:21:49 IST" duration-ms="264" status="PASS">
          <reporter-output>
          </reporter-output>
        </test-method> <!-- SetupExtentReport -->
        <test-method is-config="true" signature="initializeBrowser()[pri:0, instance:VoFlowYouthSideTest.VoYouthSideTest@2bd08376]" started-at="2026-01-30T13:21:49 IST" name="initializeBrowser" finished-at="2026-01-30T13:21:58 IST" duration-ms="8645" status="PASS">
          <reporter-output>
          </reporter-output>
        </test-method> <!-- initializeBrowser -->
        <test-method signature="verifyVolunteerFlow()[pri:1, instance:VoFlowYouthSideTest.VoYouthSideTest@2bd08376]" started-at="2026-01-30T13:21:58 IST" name="verifyVolunteerFlow" finished-at="2026-01-30T13:22:28 IST" duration-ms="30553" status="PASS">
          <reporter-output>
          </reporter-output>
        </test-method> <!-- verifyVolunteerFlow -->
        <test-method is-config="true" signature="flushReport()[pri:0, instance:VoFlowYouthSideTest.VoYouthSideTest@2bd08376]" started-at="2026-01-30T13:22:28 IST" name="flushReport" finished-at="2026-01-30T13:22:36 IST" duration-ms="7833" status="PASS">
          <reporter-output>
          </reporter-output>
        </test-method> <!-- flushReport -->
      </class> <!-- VoFlowYouthSideTest.VoYouthSideTest -->
    </test> <!-- Default test -->
  </suite> <!-- Default suite -->
</testng-results>
