<?xml version="1.0" encoding="UTF-8"?>
<testng-results ignored="0" total="6" passed="5" failed="1" skipped="0">
  <reporter-output>
  </reporter-output>
  <suite started-at="2026-01-25T11:10:13 IST" name="Default suite" finished-at="2026-01-25T11:11:36 IST" duration-ms="82566">
    <groups>
    </groups>
    <test started-at="2026-01-25T11:10:13 IST" name="Default test" finished-at="2026-01-25T11:11:36 IST" duration-ms="82566">
      <class name="YouthTest.Youth">
        <test-method is-config="true" signature="SetupExtentReport()[pri:0, instance:YouthTest.Youth@27eedb64]" started-at="2026-01-25T11:10:13 IST" name="SetupExtentReport" finished-at="2026-01-25T11:10:13 IST" duration-ms="229" status="PASS">
          <reporter-output>
          </reporter-output>
        </test-method> <!-- SetupExtentReport -->
        <test-method is-config="true" signature="initializeBrowser()[pri:0, instance:YouthTest.Youth@27eedb64]" started-at="2026-01-25T11:10:13 IST" name="initializeBrowser" finished-at="2026-01-25T11:10:24 IST" duration-ms="11228" status="PASS">
          <reporter-output>
          </reporter-output>
        </test-method> <!-- initializeBrowser -->
        <test-method signature="youthLandingPage()[pri:1, instance:YouthTest.Youth@27eedb64]" started-at="2026-01-25T11:10:24 IST" name="youthLandingPage" finished-at="2026-01-25T11:10:29 IST" duration-ms="5004" status="PASS">
          <reporter-output>
          </reporter-output>
        </test-method> <!-- youthLandingPage -->
        <test-method signature="youthEOTPV()[pri:2, instance:YouthTest.Youth@27eedb64]" started-at="2026-01-25T11:10:29 IST" name="youthEOTPV" finished-at="2026-01-25T11:11:03 IST" duration-ms="34038" status="PASS">
          <reporter-output>
          </reporter-output>
        </test-method> <!-- youthEOTPV -->
        <test-method signature="youthRegistrationFormFill()[pri:3, instance:YouthTest.Youth@27eedb64]" started-at="2026-01-25T11:11:03 IST" name="youthRegistrationFormFill" finished-at="2026-01-25T11:11:13 IST" duration-ms="9959" status="PASS">
          <reporter-output>
          </reporter-output>
        </test-method> <!-- youthRegistrationFormFill -->
        <test-method signature="mybharatProfile()[pri:4, instance:YouthTest.Youth@27eedb64]" started-at="2026-01-25T11:11:13 IST" name="mybharatProfile" finished-at="2026-01-25T11:11:23 IST" duration-ms="9730" status="PASS">
          <reporter-output>
          </reporter-output>
        </test-method> <!-- mybharatProfile -->
        <test-method signature="loginYuth()[pri:5, instance:YouthTest.Youth@27eedb64]" started-at="2026-01-25T11:11:23 IST" name="loginYuth" finished-at="2026-01-25T11:11:25 IST" duration-ms="1609" status="PASS">
          <reporter-output>
          </reporter-output>
        </test-method> <!-- loginYuth -->
        <test-method signature="LogoutYouth()[pri:6, instance:YouthTest.Youth@27eedb64]" started-at="2026-01-25T11:11:25 IST" name="LogoutYouth" finished-at="2026-01-25T11:11:36 IST" duration-ms="10954" status="FAIL">
          <exception class="com.microsoft.playwright.impl.TargetClosedError">
            <message>
              <![CDATA[Error {
  message='Target page, context or browser has been closed
  name='TargetClosedError
  stack='TargetClosedError: Target page, context or browser has been closed
    at PageDispatcher._dispose (C:\Users\hp\AppData\Local\Temp\playwright-java-6402847226773993066\package\lib\server\dispatchers\dispatcher.js:109:30)
    at Page.<anonymous> (C:\Users\hp\AppData\Local\Temp\playwright-java-6402847226773993066\package\lib\server\dispatchers\pageDispatcher.js:71:12)
    at Page.emit (node:events:508:28)
    at Page._didClose (C:\Users\hp\AppData\Local\Temp\playwright-java-6402847226773993066\package\lib\server\page.js:164:10)
    at CRPage.didClose (C:\Users\hp\AppData\Local\Temp\playwright-java-6402847226773993066\package\lib\server\chromium\crPage.js:130:16)
    at CRBrowser._onDetachedFromTarget (C:\Users\hp\AppData\Local\Temp\playwright-java-6402847226773993066\package\lib\server\chromium\crBrowser.js:184:14)
    at CRSession.emit (node:events:508:28)
    at C:\Users\hp\AppData\Local\Temp\playwright-java-6402847226773993066\package\lib\server\chromium\crConnection.js:138:14
}
Call log:
-   - waiting for locator("a[id='logout'] h3[class='logout-fafa']") to be visible
]]>
            </message>
            <full-stacktrace>
              <![CDATA[com.microsoft.playwright.impl.TargetClosedError: Error {
  message='Target page, context or browser has been closed
  name='TargetClosedError
  stack='TargetClosedError: Target page, context or browser has been closed
    at PageDispatcher._dispose (C:\Users\hp\AppData\Local\Temp\playwright-java-6402847226773993066\package\lib\server\dispatchers\dispatcher.js:109:30)
    at Page.<anonymous> (C:\Users\hp\AppData\Local\Temp\playwright-java-6402847226773993066\package\lib\server\dispatchers\pageDispatcher.js:71:12)
    at Page.emit (node:events:508:28)
    at Page._didClose (C:\Users\hp\AppData\Local\Temp\playwright-java-6402847226773993066\package\lib\server\page.js:164:10)
    at CRPage.didClose (C:\Users\hp\AppData\Local\Temp\playwright-java-6402847226773993066\package\lib\server\chromium\crPage.js:130:16)
    at CRBrowser._onDetachedFromTarget (C:\Users\hp\AppData\Local\Temp\playwright-java-6402847226773993066\package\lib\server\chromium\crBrowser.js:184:14)
    at CRSession.emit (node:events:508:28)
    at C:\Users\hp\AppData\Local\Temp\playwright-java-6402847226773993066\package\lib\server\chromium\crConnection.js:138:14
}
Call log:
-   - waiting for locator("a[id='logout'] h3[class='logout-fafa']") to be visible

at com.microsoft.playwright.impl.WaitableResult.get(WaitableResult.java:54)
at com.microsoft.playwright.impl.ChannelOwner.runUntil(ChannelOwner.java:138)
at com.microsoft.playwright.impl.Connection.sendMessage(Connection.java:131)
at com.microsoft.playwright.impl.ChannelOwner.sendMessage(ChannelOwner.java:124)
at com.microsoft.playwright.impl.FrameImpl.waitForSelectorImpl(FrameImpl.java:998)
at com.microsoft.playwright.impl.LocatorImpl.waitFor(LocatorImpl.java:646)
at Mybharat.AbstractsComponents.abstractComponents.globalWaitForClick(abstractComponents.java:265)
at Pageobjects.Logoutyouth.logoutyouth(Logoutyouth.java:22)
at YouthTest.Youth.LogoutYouth(Youth.java:193)
at java.base/jdk.internal.reflect.NativeMethodAccessorImpl.invoke0(Native Method)
at java.base/jdk.internal.reflect.NativeMethodAccessorImpl.invoke(NativeMethodAccessorImpl.java:77)
at java.base/jdk.internal.reflect.DelegatingMethodAccessorImpl.invoke(DelegatingMethodAccessorImpl.java:43)
at java.base/java.lang.reflect.Method.invoke(Method.java:568)
at org.testng.internal.invokers.MethodInvocationHelper.invokeMethod(MethodInvocationHelper.java:141)
at org.testng.internal.invokers.TestInvoker.invokeMethod(TestInvoker.java:687)
at org.testng.internal.invokers.TestInvoker.invokeTestMethod(TestInvoker.java:230)
at org.testng.internal.invokers.MethodRunner.runInSequence(MethodRunner.java:63)
at org.testng.internal.invokers.TestInvoker$MethodInvocationAgent.invoke(TestInvoker.java:995)
at org.testng.internal.invokers.TestInvoker.invokeTestMethods(TestInvoker.java:203)
at org.testng.internal.invokers.TestMethodWorker.invokeTestMethods(TestMethodWorker.java:154)
at org.testng.internal.invokers.TestMethodWorker.run(TestMethodWorker.java:134)
at java.base/java.util.ArrayList.forEach(ArrayList.java:1511)
at org.testng.TestRunner.privateRun(TestRunner.java:741)
at org.testng.TestRunner.run(TestRunner.java:616)
at org.testng.SuiteRunner.runTest(SuiteRunner.java:421)
at org.testng.SuiteRunner.runSequentially(SuiteRunner.java:413)
at org.testng.SuiteRunner.privateRun(SuiteRunner.java:373)
at org.testng.SuiteRunner.run(SuiteRunner.java:312)
at org.testng.SuiteRunnerWorker.runSuite(SuiteRunnerWorker.java:52)
at org.testng.SuiteRunnerWorker.run(SuiteRunnerWorker.java:95)
at org.testng.TestNG.runSuitesSequentially(TestNG.java:1274)
at org.testng.TestNG.runSuitesLocally(TestNG.java:1208)
at org.testng.TestNG.runSuites(TestNG.java:1112)
at org.testng.TestNG.run(TestNG.java:1079)
at org.testng.remote.AbstractRemoteTestNG.run(AbstractRemoteTestNG.java:115)
at org.testng.remote.RemoteTestNG.initAndRun(RemoteTestNG.java:293)
at org.testng.remote.RemoteTestNG.main(RemoteTestNG.java:91)
Caused by: com.microsoft.playwright.impl.TargetClosedError: Error {
  message='Target page, context or browser has been closed
  name='TargetClosedError
  stack='TargetClosedError: Target page, context or browser has been closed
    at PageDispatcher._dispose (C:\Users\hp\AppData\Local\Temp\playwright-java-6402847226773993066\package\lib\server\dispatchers\dispatcher.js:109:30)
    at Page.<anonymous> (C:\Users\hp\AppData\Local\Temp\playwright-java-6402847226773993066\package\lib\server\dispatchers\pageDispatcher.js:71:12)
    at Page.emit (node:events:508:28)
    at Page._didClose (C:\Users\hp\AppData\Local\Temp\playwright-java-6402847226773993066\package\lib\server\page.js:164:10)
    at CRPage.didClose (C:\Users\hp\AppData\Local\Temp\playwright-java-6402847226773993066\package\lib\server\chromium\crPage.js:130:16)
    at CRBrowser._onDetachedFromTarget (C:\Users\hp\AppData\Local\Temp\playwright-java-6402847226773993066\package\lib\server\chromium\crBrowser.js:184:14)
    at CRSession.emit (node:events:508:28)
    at C:\Users\hp\AppData\Local\Temp\playwright-java-6402847226773993066\package\lib\server\chromium\crConnection.js:138:14
}
Call log:
-   - waiting for locator("a[id='logout'] h3[class='logout-fafa']") to be visible

at com.microsoft.playwright.impl.Connection.dispatch(Connection.java:259)
at com.microsoft.playwright.impl.Connection.processOneMessage(Connection.java:214)
at com.microsoft.playwright.impl.ChannelOwner.runUntil(ChannelOwner.java:136)
... 35 more
]]>
            </full-stacktrace>
          </exception> <!-- com.microsoft.playwright.impl.TargetClosedError -->
          <reporter-output>
          </reporter-output>
        </test-method> <!-- LogoutYouth -->
        <test-method is-config="true" signature="flushReport()[pri:0, instance:YouthTest.Youth@27eedb64]" started-at="2026-01-25T11:11:36 IST" name="flushReport" finished-at="2026-01-25T11:11:36 IST" duration-ms="283" status="FAIL">
          <exception class="com.microsoft.playwright.impl.TargetClosedError">
            <message>
              <![CDATA[Target page, context or browser has been closed]]>
            </message>
            <full-stacktrace>
              <![CDATA[com.microsoft.playwright.impl.TargetClosedError: Target page, context or browser has been closed
at com.microsoft.playwright.impl.PageImpl$WaitablePageClose.get(PageImpl.java:1454)
at com.microsoft.playwright.impl.WaitableRace.get(WaitableRace.java:46)
at com.microsoft.playwright.impl.WaitableRace.get(WaitableRace.java:46)
at com.microsoft.playwright.impl.ChannelOwner.runUntil(ChannelOwner.java:138)
at com.microsoft.playwright.impl.PageImpl.pause(PageImpl.java:1054)
at TestComponents.BaseTest.flushReport(BaseTest.java:67)
at java.base/jdk.internal.reflect.NativeMethodAccessorImpl.invoke0(Native Method)
at java.base/jdk.internal.reflect.NativeMethodAccessorImpl.invoke(NativeMethodAccessorImpl.java:77)
at java.base/jdk.internal.reflect.DelegatingMethodAccessorImpl.invoke(DelegatingMethodAccessorImpl.java:43)
at java.base/java.lang.reflect.Method.invoke(Method.java:568)
at org.testng.internal.invokers.MethodInvocationHelper.invokeMethod(MethodInvocationHelper.java:141)
at org.testng.internal.invokers.MethodInvocationHelper.invokeMethodConsideringTimeout(MethodInvocationHelper.java:71)
at org.testng.internal.invokers.ConfigInvoker.invokeConfigurationMethod(ConfigInvoker.java:400)
at org.testng.internal.invokers.ConfigInvoker.invokeConfigurations(ConfigInvoker.java:333)
at org.testng.SuiteRunner.privateRun(SuiteRunner.java:386)
at org.testng.SuiteRunner.run(SuiteRunner.java:312)
at org.testng.SuiteRunnerWorker.runSuite(SuiteRunnerWorker.java:52)
at org.testng.SuiteRunnerWorker.run(SuiteRunnerWorker.java:95)
at org.testng.TestNG.runSuitesSequentially(TestNG.java:1274)
at org.testng.TestNG.runSuitesLocally(TestNG.java:1208)
at org.testng.TestNG.runSuites(TestNG.java:1112)
at org.testng.TestNG.run(TestNG.java:1079)
at org.testng.remote.AbstractRemoteTestNG.run(AbstractRemoteTestNG.java:115)
at org.testng.remote.RemoteTestNG.initAndRun(RemoteTestNG.java:293)
at org.testng.remote.RemoteTestNG.main(RemoteTestNG.java:91)
]]>
            </full-stacktrace>
          </exception> <!-- com.microsoft.playwright.impl.TargetClosedError -->
          <reporter-output>
          </reporter-output>
        </test-method> <!-- flushReport -->
      </class> <!-- YouthTest.Youth -->
    </test> <!-- Default test -->
  </suite> <!-- Default suite -->
</testng-results>
