<?xml version="1.0" encoding="UTF-8"?>
<!-- Generated by org.testng.reporters.JUnitReportReporter -->
<testsuite hostname="MK" failures="0" tests="7" name="YouthTest.Youth" time="71.577" errors="2" timestamp="2026-01-25T11:11:36 IST" skipped="0">
  <testcase classname="YouthTest.Youth" name="flushReport" time="0.283">
    <error message="Target page, context or browser has been closed" type="com.microsoft.playwright.impl.TargetClosedError">
      <![CDATA[com.microsoft.playwright.impl.TargetClosedError: Target page, context or browser has been closed
at com.microsoft.playwright.impl.PageImpl$WaitablePageClose.get(PageImpl.java:1454)
at com.microsoft.playwright.impl.WaitableRace.get(WaitableRace.java:46)
at com.microsoft.playwright.impl.WaitableRace.get(WaitableRace.java:46)
at com.microsoft.playwright.impl.ChannelOwner.runUntil(ChannelOwner.java:138)
at com.microsoft.playwright.impl.PageImpl.pause(PageImpl.java:1054)
at TestComponents.BaseTest.flushReport(BaseTest.java:67)
at java.base/jdk.internal.reflect.NativeMethodAccessorImpl.invoke0(Native Method)
at java.base/jdk.internal.reflect.NativeMethodAccessorImpl.invoke(NativeMethodAccessorImpl.java:77)
at java.base/jdk.internal.reflect.DelegatingMethodAccessorImpl.invoke(DelegatingMethodAccessorImpl.java:43)
at java.base/java.lang.reflect.Method.invoke(Method.java:568)
at org.testng.internal.invokers.MethodInvocationHelper.invokeMethod(MethodInvocationHelper.java:141)
at org.testng.internal.invokers.MethodInvocationHelper.invokeMethodConsideringTimeout(MethodInvocationHelper.java:71)
at org.testng.internal.invokers.ConfigInvoker.invokeConfigurationMethod(ConfigInvoker.java:400)
at org.testng.internal.invokers.ConfigInvoker.invokeConfigurations(ConfigInvoker.java:333)
at org.testng.SuiteRunner.privateRun(SuiteRunner.java:386)
at org.testng.SuiteRunner.run(SuiteRunner.java:312)
at org.testng.SuiteRunnerWorker.runSuite(SuiteRunnerWorker.java:52)
at org.testng.SuiteRunnerWorker.run(SuiteRunnerWorker.java:95)
at org.testng.TestNG.runSuitesSequentially(TestNG.java:1274)
at org.testng.TestNG.runSuitesLocally(TestNG.java:1208)
at org.testng.TestNG.runSuites(TestNG.java:1112)
at org.testng.TestNG.run(TestNG.java:1079)
at org.testng.remote.AbstractRemoteTestNG.run(AbstractRemoteTestNG.java:115)
at org.testng.remote.RemoteTestNG.initAndRun(RemoteTestNG.java:293)
at org.testng.remote.RemoteTestNG.main(RemoteTestNG.java:91)
]]>
    </error>
  </testcase> <!-- flushReport -->
  <testcase classname="YouthTest.Youth" name="youthLandingPage" time="5.004"/>
  <testcase classname="YouthTest.Youth" name="youthEOTPV" time="34.038"/>
  <testcase classname="YouthTest.Youth" name="youthRegistrationFormFill" time="9.959"/>
  <testcase classname="YouthTest.Youth" name="mybharatProfile" time="9.730"/>
  <testcase classname="YouthTest.Youth" name="loginYuth" time="1.609"/>
  <testcase classname="YouthTest.Youth" name="LogoutYouth" time="10.954">
    <error message="Error {
  message=&#039;Target page, context or browser has been closed
  name=&#039;TargetClosedError
  stack=&#039;TargetClosedError: Target page, context or browser has been closed
    at PageDispatcher._dispose (C:\Users\hp\AppData\Local\Temp\playwright-java-6402847226773993066\package\lib\server\dispatchers\dispatcher.js:109:30)
    at Page.&lt;anonymous&gt; (C:\Users\hp\AppData\Local\Temp\playwright-java-6402847226773993066\package\lib\server\dispatchers\pageDispatcher.js:71:12)
    at Page.emit (node:events:508:28)
    at Page._didClose (C:\Users\hp\AppData\Local\Temp\playwright-java-6402847226773993066\package\lib\server\page.js:164:10)
    at CRPage.didClose (C:\Users\hp\AppData\Local\Temp\playwright-java-6402847226773993066\package\lib\server\chromium\crPage.js:130:16)
    at CRBrowser._onDetachedFromTarget (C:\Users\hp\AppData\Local\Temp\playwright-java-6402847226773993066\package\lib\server\chromium\crBrowser.js:184:14)
    at CRSession.emit (node:events:508:28)
    at C:\Users\hp\AppData\Local\Temp\playwright-java-6402847226773993066\package\lib\server\chromium\crConnection.js:138:14
}
Call log:
-   - waiting for locator(&quot;a[id=&#039;logout&#039;] h3[class=&#039;logout-fafa&#039;]&quot;) to be visible
" type="com.microsoft.playwright.impl.TargetClosedError">
      <![CDATA[com.microsoft.playwright.impl.TargetClosedError: Error {
  message='Target page, context or browser has been closed
  name='TargetClosedError
  stack='TargetClosedError: Target page, context or browser has been closed
    at PageDispatcher._dispose (C:\Users\hp\AppData\Local\Temp\playwright-java-6402847226773993066\package\lib\server\dispatchers\dispatcher.js:109:30)
    at Page.<anonymous> (C:\Users\hp\AppData\Local\Temp\playwright-java-6402847226773993066\package\lib\server\dispatchers\pageDispatcher.js:71:12)
    at Page.emit (node:events:508:28)
    at Page._didClose (C:\Users\hp\AppData\Local\Temp\playwright-java-6402847226773993066\package\lib\server\page.js:164:10)
    at CRPage.didClose (C:\Users\hp\AppData\Local\Temp\playwright-java-6402847226773993066\package\lib\server\chromium\crPage.js:130:16)
    at CRBrowser._onDetachedFromTarget (C:\Users\hp\AppData\Local\Temp\playwright-java-6402847226773993066\package\lib\server\chromium\crBrowser.js:184:14)
    at CRSession.emit (node:events:508:28)
    at C:\Users\hp\AppData\Local\Temp\playwright-java-6402847226773993066\package\lib\server\chromium\crConnection.js:138:14
}
Call log:
-   - waiting for locator("a[id='logout'] h3[class='logout-fafa']") to be visible

at com.microsoft.playwright.impl.WaitableResult.get(WaitableResult.java:54)
at com.microsoft.playwright.impl.ChannelOwner.runUntil(ChannelOwner.java:138)
at com.microsoft.playwright.impl.Connection.sendMessage(Connection.java:131)
at com.microsoft.playwright.impl.ChannelOwner.sendMessage(ChannelOwner.java:124)
at com.microsoft.playwright.impl.FrameImpl.waitForSelectorImpl(FrameImpl.java:998)
at com.microsoft.playwright.impl.LocatorImpl.waitFor(LocatorImpl.java:646)
at Mybharat.AbstractsComponents.abstractComponents.globalWaitForClick(abstractComponents.java:265)
at Pageobjects.Logoutyouth.logoutyouth(Logoutyouth.java:22)
at YouthTest.Youth.LogoutYouth(Youth.java:193)
at java.base/jdk.internal.reflect.NativeMethodAccessorImpl.invoke0(Native Method)
at java.base/jdk.internal.reflect.NativeMethodAccessorImpl.invoke(NativeMethodAccessorImpl.java:77)
at java.base/jdk.internal.reflect.DelegatingMethodAccessorImpl.invoke(DelegatingMethodAccessorImpl.java:43)
at java.base/java.lang.reflect.Method.invoke(Method.java:568)
at org.testng.internal.invokers.MethodInvocationHelper.invokeMethod(MethodInvocationHelper.java:141)
at org.testng.internal.invokers.TestInvoker.invokeMethod(TestInvoker.java:687)
at org.testng.internal.invokers.TestInvoker.invokeTestMethod(TestInvoker.java:230)
at org.testng.internal.invokers.MethodRunner.runInSequence(MethodRunner.java:63)
at org.testng.internal.invokers.TestInvoker$MethodInvocationAgent.invoke(TestInvoker.java:995)
at org.testng.internal.invokers.TestInvoker.invokeTestMethods(TestInvoker.java:203)
at org.testng.internal.invokers.TestMethodWorker.invokeTestMethods(TestMethodWorker.java:154)
at org.testng.internal.invokers.TestMethodWorker.run(TestMethodWorker.java:134)
at java.base/java.util.ArrayList.forEach(ArrayList.java:1511)
at org.testng.TestRunner.privateRun(TestRunner.java:741)
at org.testng.TestRunner.run(TestRunner.java:616)
at org.testng.SuiteRunner.runTest(SuiteRunner.java:421)
at org.testng.SuiteRunner.runSequentially(SuiteRunner.java:413)
at org.testng.SuiteRunner.privateRun(SuiteRunner.java:373)
at org.testng.SuiteRunner.run(SuiteRunner.java:312)
at org.testng.SuiteRunnerWorker.runSuite(SuiteRunnerWorker.java:52)
at org.testng.SuiteRunnerWorker.run(SuiteRunnerWorker.java:95)
at org.testng.TestNG.runSuitesSequentially(TestNG.java:1274)
at org.testng.TestNG.runSuitesLocally(TestNG.java:1208)
at org.testng.TestNG.runSuites(TestNG.java:1112)
at org.testng.TestNG.run(TestNG.java:1079)
at org.testng.remote.AbstractRemoteTestNG.run(AbstractRemoteTestNG.java:115)
at org.testng.remote.RemoteTestNG.initAndRun(RemoteTestNG.java:293)
at org.testng.remote.RemoteTestNG.main(RemoteTestNG.java:91)
Caused by: com.microsoft.playwright.impl.TargetClosedError: Error {
  message='Target page, context or browser has been closed
  name='TargetClosedError
  stack='TargetClosedError: Target page, context or browser has been closed
    at PageDispatcher._dispose (C:\Users\hp\AppData\Local\Temp\playwright-java-6402847226773993066\package\lib\server\dispatchers\dispatcher.js:109:30)
    at Page.<anonymous> (C:\Users\hp\AppData\Local\Temp\playwright-java-6402847226773993066\package\lib\server\dispatchers\pageDispatcher.js:71:12)
    at Page.emit (node:events:508:28)
    at Page._didClose (C:\Users\hp\AppData\Local\Temp\playwright-java-6402847226773993066\package\lib\server\page.js:164:10)
    at CRPage.didClose (C:\Users\hp\AppData\Local\Temp\playwright-java-6402847226773993066\package\lib\server\chromium\crPage.js:130:16)
    at CRBrowser._onDetachedFromTarget (C:\Users\hp\AppData\Local\Temp\playwright-java-6402847226773993066\package\lib\server\chromium\crBrowser.js:184:14)
    at CRSession.emit (node:events:508:28)
    at C:\Users\hp\AppData\Local\Temp\playwright-java-6402847226773993066\package\lib\server\chromium\crConnection.js:138:14
}
Call log:
-   - waiting for locator("a[id='logout'] h3[class='logout-fafa']") to be visible

at com.microsoft.playwright.impl.Connection.dispatch(Connection.java:259)
at com.microsoft.playwright.impl.Connection.processOneMessage(Connection.java:214)
at com.microsoft.playwright.impl.ChannelOwner.runUntil(ChannelOwner.java:136)
... 35 more
]]>
    </error>
  </testcase> <!-- LogoutYouth -->
</testsuite> <!-- YouthTest.Youth -->
