<?xml version="1.0" encoding="UTF-8"?>
<!-- Generated by org.testng.reporters.JUnitReportReporter -->
<testsuite hostname="MK" failures="0" tests="6" name="YouthTest.Youth" time="9.762" errors="0" timestamp="2026-01-29T14:05:43 IST" skipped="5">
  <testcase classname="YouthTest.Youth" name="youthLandingPage" time="9.762"/>
  <testcase classname="YouthTest.Youth" name="LogoutYouth">
    <skipped/>
  </testcase> <!-- LogoutYouth -->
  <testcase classname="YouthTest.Youth" name="youthEOTPV">
    <skipped/>
  </testcase> <!-- youthEOTPV -->
  <testcase classname="YouthTest.Youth" name="loginYuth">
    <skipped/>
  </testcase> <!-- loginYuth -->
  <testcase classname="YouthTest.Youth" name="mybharatProfile">
    <skipped/>
  </testcase> <!-- mybharatProfile -->
  <testcase classname="YouthTest.Youth" name="youthRegistrationFormFill">
    <skipped/>
  </testcase> <!-- youthRegistrationFormFill -->
</testsuite> <!-- YouthTest.Youth -->
